2026-03-08 17:00:46,858  INFO      ============================================================
2026-03-08 17:00:46,858  INFO      START  female / blocks
2026-03-08 17:00:46,858  INFO      ============================================================
2026-03-08 17:00:46,947  INFO        [A] Loaded 8 graphs, saved graph_stats.csv
2026-03-08 17:00:47,429  INFO        [A] Saved graphs_gallery.png
2026-03-08 17:00:47,966  INFO        [A] Saved individual graph panels
2026-03-08 17:00:47,966  INFO        [B] Training embeddings age 1 (131 nodes) ...
2026-03-08 17:00:48,599  INFO        [B] Saved embeddings age 1 → age_1.parquet
2026-03-08 17:00:48,599  INFO        [B] Training embeddings age 2 (131 nodes) ...
2026-03-08 17:00:49,261  INFO        [B] Saved embeddings age 2 → age_2.parquet
2026-03-08 17:00:49,262  INFO        [B] Training embeddings age 3 (131 nodes) ...
2026-03-08 17:00:50,009  INFO        [B] Saved embeddings age 3 → age_3.parquet
2026-03-08 17:00:50,009  INFO        [B] Training embeddings age 4 (131 nodes) ...
2026-03-08 17:00:50,915  INFO        [B] Saved embeddings age 4 → age_4.parquet
2026-03-08 17:00:50,915  INFO        [B] Training embeddings age 5 (131 nodes) ...
2026-03-08 17:00:51,980  INFO        [B] Saved embeddings age 5 → age_5.parquet
2026-03-08 17:00:51,980  INFO        [B] Training embeddings age 6 (131 nodes) ...
2026-03-08 17:00:53,147  INFO        [B] Saved embeddings age 6 → age_6.parquet
2026-03-08 17:00:53,147  INFO        [B] Training embeddings age 7 (131 nodes) ...
2026-03-08 17:00:54,331  INFO        [B] Saved embeddings age 7 → age_7.parquet
2026-03-08 17:00:54,331  INFO        [B] Training embeddings age 8 (131 nodes) ...
2026-03-08 17:00:55,741  INFO        [B] Saved embeddings age 8 → age_8.parquet
2026-03-08 17:00:56,927  INFO        [C] Saved PCA plots
2026-03-08 17:00:56,927  INFO        [D] Aligning to reference age 1 ...
2026-03-08 17:00:57,205  INFO        [D] Alignment complete, saved residuals
2026-03-08 17:00:57,205  INFO        [D] Aligning with non-isolate anchors ...
2026-03-08 17:00:57,376  INFO        [D] Non-isolate alignment complete, saved to aligned_non_iso/
2026-03-08 17:00:57,383  INFO        [E] Computed and saved drift
2026-03-08 17:00:57,621  INFO        [E] Computed and saved stability
2026-03-08 17:00:57,622  INFO        [E] Saved top_drifters.csv
2026-03-08 17:00:57,728  INFO        [E] Saved non-isolate drift/stability summaries
2026-03-08 17:00:58,135  INFO        [E] Metrics plots saved
2026-03-08 17:00:59,873  DEBUG       [F] age 1 diag: eligible=170 safe=156 held_out=31 train=131/139 2hop=409 neg=31 fallback=False
2026-03-08 17:01:01,849  DEBUG       [F] age 2 diag: eligible=152 safe=133 held_out=26 train=131/126 2hop=347 neg=26 fallback=False
2026-03-08 17:01:04,083  DEBUG       [F] age 3 diag: eligible=263 safe=248 held_out=49 train=131/214 2hop=747 neg=49 fallback=False
2026-03-08 17:01:06,785  DEBUG       [F] age 4 diag: eligible=420 safe=406 held_out=81 train=131/339 2hop=1424 neg=81 fallback=False
2026-03-08 17:01:10,052  DEBUG       [F] age 5 diag: eligible=737 safe=730 held_out=146 train=131/591 2hop=2045 neg=146 fallback=False
2026-03-08 17:01:13,379  DEBUG       [F] age 6 diag: eligible=945 safe=939 held_out=187 train=131/758 2hop=2643 neg=187 fallback=False
2026-03-08 17:01:17,032  DEBUG       [F] age 7 diag: eligible=1121 safe=1114 held_out=222 train=131/899 2hop=2696 neg=222 fallback=False
2026-03-08 17:01:20,970  DEBUG       [F] age 8 diag: eligible=1446 safe=1438 held_out=287 train=131/1159 2hop=3014 neg=287 fallback=False
2026-03-08 17:01:21,157  INFO        [F] Structure preservation computed and saved
2026-03-08 17:01:21,159  INFO        [F] Control AUC (shuffled retrained embeddings, age 8): 0.416 (expected ~0.5 under null)
2026-03-08 17:01:21,163  INFO        VERIFY: all output checks passed
2026-03-08 17:01:21,163  INFO      DONE   female / blocks  (34.3 s)
